<?xml version="1.0" encoding="UTF-8"?>
<!-- Generated by org.testng.reporters.JUnitReportReporter -->
<testsuite hostname="Genefy" name="njuse.ffff.data.MatchDataReaderTest" tests="1" failures="0" timestamp="22 Apr 2015 07:05:20 GMT" time="0.173" errors="0">
  <testcase name="test" time="0.173" classname="njuse.ffff.data.MatchDataReaderTest"/>
</testsuite> <!-- njuse.ffff.data.MatchDataReaderTest -->
