<?xml version="1.0" encoding="UTF-8"?>
<!-- Generated by org.testng.reporters.JUnitReportReporter -->
<testsuite hostname="Genefy" name="njuse.ffff.data.MatchDataReaderTest" tests="1" failures="0" timestamp="14 Apr 2015 11:20:32 GMT" time="1.186" errors="0">
  <testcase name="test" time="1.186" classname="njuse.ffff.data.MatchDataReaderTest"/>
</testsuite> <!-- njuse.ffff.data.MatchDataReaderTest -->
