<?xml version="1.0" encoding="UTF-8"?>
<!-- Generated by org.testng.reporters.JUnitReportReporter -->
<testsuite hostname="Genefy" name="njuse.ffff.data.TotalTest" tests="1" failures="0" timestamp="14 Apr 2015 11:30:12 GMT" time="0.635" errors="0">
  <testcase name="f" time="0.635" classname="njuse.ffff.data.TotalTest"/>
</testsuite> <!-- njuse.ffff.data.TotalTest -->
