<?xml version="1.0" encoding="UTF-8"?>
<!-- Generated by org.testng.reporters.JUnitReportReporter -->
<testsuite hostname="Genefy" name="njuse.ffff.data.PlayersDataReaderTest" tests="1" failures="0" timestamp="14 Apr 2015 11:20:33 GMT" time="0.000" errors="0">
  <testcase name="test" time="0.000" classname="njuse.ffff.data.PlayersDataReaderTest"/>
</testsuite> <!-- njuse.ffff.data.PlayersDataReaderTest -->
