<?xml version="1.0" encoding="UTF-8"?>
<!-- Generated by org.testng.reporters.JUnitReportReporter -->
<testsuite hostname="Genefy" name="njuse.ffff.data.TotalTest" tests="1" failures="0" timestamp="20 Apr 2015 04:26:46 GMT" time="0.333" errors="0">
  <testcase name="f" time="0.333" classname="njuse.ffff.data.TotalTest"/>
</testsuite> <!-- njuse.ffff.data.TotalTest -->
